<?xml version="1.0" encoding="UTF-8"?>
<!-- Generated by org.testng.reporters.JUnitXMLReporter -->
<testsuite ignored="1" hostname="DESKTOP-91QHVES" failures="0" tests="2" name="Default test" time="0.233" errors="0" timestamp="2022-09-13T22:35:28 IST">
  <testcase classname="test.LoanTest" name="PersonalLoanTest1" time="0.017"/>
  <testcase classname="test.LoanTest" name="HomeLoanTest" time="0.009"/>
  <testcase classname="test.LoanTest" name="PersonalLoanTest" time="0.0">
    <ignored/>
  </testcase> <!-- PersonalLoanTest -->
</testsuite> <!-- Default test -->
