<?xml version="1.0" encoding="UTF-8"?>
<!-- Generated by org.testng.reporters.JUnitXMLReporter -->
<testsuite ignored="4" hostname="DESKTOP-91QHVES" failures="0" tests="2" name="Test" time="0.333" errors="0" timestamp="2022-09-13T22:39:10 IST">
  <testcase classname="test.LoanTest" name="PersonalLoanTest1" time="0.044"/>
  <testcase classname="test.LoanTest" name="HomeLoanTest" time="0.01"/>
  <testcase classname="test.BaseClass" name="@BeforeTest Method3" time="0.0">
    <ignored/>
  </testcase> <!-- @BeforeTest Method3 -->
  <testcase classname="test.CardTest" name="CCTest" time="0.0">
    <ignored/>
  </testcase> <!-- CCTest -->
  <testcase classname="test.LoanTest" name="PersonalLoanTest" time="0.0">
    <ignored/>
  </testcase> <!-- PersonalLoanTest -->
  <testcase classname="test.BaseClass" name="@AfterTest Method4" time="0.0">
    <ignored/>
  </testcase> <!-- @AfterTest Method4 -->
</testsuite> <!-- Test -->
