<?xml version="1.0" encoding="UTF-8"?>
<testng-results ignored="4" total="6" passed="2" failed="0" skipped="0">
  <reporter-output>
  </reporter-output>
  <suite started-at="2022-09-13T22:39:10 IST" name="Suite" finished-at="2022-09-13T22:39:10 IST" duration-ms="333">
    <groups>
      <group name="regression">
        <method signature="LoanTest.HomeLoanTest()[pri:2, instance:test.LoanTest@2cd2a21f]" name="HomeLoanTest" class="test.LoanTest"/>
        <method signature="LoanTest.PersonalLoanTest1()[pri:0, instance:test.LoanTest@2cd2a21f]" name="PersonalLoanTest1" class="test.LoanTest"/>
      </group> <!-- regression -->
      <group name="sanity">
        <method signature="LoanTest.PersonalLoanTest1()[pri:0, instance:test.LoanTest@2cd2a21f]" name="PersonalLoanTest1" class="test.LoanTest"/>
      </group> <!-- sanity -->
    </groups>
    <test started-at="2022-09-13T22:39:10 IST" name="Test" finished-at="2022-09-13T22:39:10 IST" duration-ms="333">
      <class name="test.LoanTest">
        <test-method is-config="true" signature="Method3()[pri:0, instance:test.LoanTest@2cd2a21f]" started-at="2022-09-13T22:39:10 IST" name="Method3" finished-at="2022-09-13T22:39:10 IST" duration-ms="27" status="PASS">
          <reporter-output>
          </reporter-output>
        </test-method> <!-- Method3 -->
        <test-method is-config="true" signature="Method1()[pri:0, instance:test.LoanTest@2cd2a21f]" started-at="2022-09-13T22:39:10 IST" name="Method1" finished-at="2022-09-13T22:39:10 IST" duration-ms="2" status="PASS">
          <reporter-output>
          </reporter-output>
        </test-method> <!-- Method1 -->
        <test-method signature="PersonalLoanTest1()[pri:0, instance:test.LoanTest@2cd2a21f]" started-at="2022-09-13T22:39:10 IST" name="PersonalLoanTest1" description="this is CC test" finished-at="2022-09-13T22:39:10 IST" duration-ms="44" status="PASS">
          <reporter-output>
          </reporter-output>
        </test-method> <!-- PersonalLoanTest1 -->
        <test-method is-config="true" signature="Method2()[pri:0, instance:test.LoanTest@2cd2a21f]" started-at="2022-09-13T22:39:10 IST" name="Method2" finished-at="2022-09-13T22:39:10 IST" duration-ms="2" status="PASS">
          <reporter-output>
          </reporter-output>
        </test-method> <!-- Method2 -->
        <test-method is-config="true" signature="Method1()[pri:0, instance:test.LoanTest@2cd2a21f]" started-at="2022-09-13T22:39:10 IST" name="Method1" finished-at="2022-09-13T22:39:10 IST" duration-ms="1" status="PASS">
          <reporter-output>
          </reporter-output>
        </test-method> <!-- Method1 -->
        <test-method signature="HomeLoanTest()[pri:2, instance:test.LoanTest@2cd2a21f]" started-at="2022-09-13T22:39:10 IST" name="HomeLoanTest" finished-at="2022-09-13T22:39:10 IST" duration-ms="10" status="PASS">
          <reporter-output>
          </reporter-output>
        </test-method> <!-- HomeLoanTest -->
        <test-method is-config="true" signature="Method2()[pri:0, instance:test.LoanTest@2cd2a21f]" started-at="2022-09-13T22:39:10 IST" name="Method2" finished-at="2022-09-13T22:39:10 IST" duration-ms="0" status="PASS">
          <reporter-output>
          </reporter-output>
        </test-method> <!-- Method2 -->
        <test-method is-config="true" signature="Method4()[pri:0, instance:test.LoanTest@2cd2a21f]" started-at="2022-09-13T22:39:10 IST" name="Method4" finished-at="2022-09-13T22:39:10 IST" duration-ms="2" status="PASS">
          <reporter-output>
          </reporter-output>
        </test-method> <!-- Method4 -->
      </class> <!-- test.LoanTest -->
    </test> <!-- Test -->
  </suite> <!-- Suite -->
</testng-results>
